<?xml version="1.0" encoding="UTF-8"?>
<!-- Generated by org.testng.reporters.JUnitXMLReporter -->
<testsuite hostname="HIBACL131408" ignored="0" name="test-1" tests="2" failures="0" timestamp="27 Dec 2019 11:39:21 GMT" time="26.256" errors="0">
  <testcase name="verifyCreateAnAccounPage" time="4.541" classname="com.mercury.frontend.OfrCreateAnAccounTest"/>
  <testcase name="loginTest" time="6.866" classname="com.mercury.frontend.OfrLoginTest"/>
</testsuite> <!-- test-1 -->
