<?xml version="1.0" encoding="UTF-8"?>
<!-- Generated by org.testng.reporters.JUnitReportReporter -->
<testsuite name="com.mercury.frontend.OfrCreateAnAccounTest" tests="1" time="5.263" ignored="0" failures="0" timestamp="27 Dec 2019 11:39:21 GMT" skipped="0" hostname="HIBACL131408" errors="0">
  <testcase name="verifyCreateAnAccounPage" time="5.263" classname="com.mercury.frontend.OfrCreateAnAccounTest"/>
</testsuite> <!-- com.mercury.frontend.OfrCreateAnAccounTest -->
