<?xml version="1.0" encoding="UTF-8"?>
<!-- Generated by org.testng.reporters.JUnitReportReporter -->
<testsuite name="com.mercury.frontend.OfrLoginTest" tests="1" time="7.649" ignored="0" failures="0" timestamp="27 Dec 2019 11:39:21 GMT" skipped="0" hostname="HIBACL131408" errors="0">
  <testcase name="loginTest" time="7.649" classname="com.mercury.frontend.OfrLoginTest"/>
</testsuite> <!-- com.mercury.frontend.OfrLoginTest -->
